<?xml version="1.0" encoding="UTF-8"?>
<testng-results skipped="0" failed="0" total="1" passed="1">
  <reporter-output>
  </reporter-output>
  <suite name="Default suite" duration-ms="48" started-at="2014-03-05T14:47:01Z" finished-at="2014-03-05T14:47:01Z">
    <groups>
    </groups>
    <test name="Default test" duration-ms="48" started-at="2014-03-05T14:47:01Z" finished-at="2014-03-05T14:47:01Z">
      <class name="TestCode.TestNGJumbledString">
        <test-method status="PASS" signature="setup()[pri:0, instance:TestCode.TestNGJumbledString@4a8f5f75]" name="setup" is-config="true" duration-ms="24" started-at="2014-03-05T14:47:01Z" finished-at="2014-03-05T14:47:01Z">
          <reporter-output>
          </reporter-output>
        </test-method> <!-- setup -->
        <test-method status="PASS" signature="testRoute()[pri:0, instance:TestCode.TestNGJumbledString@4a8f5f75]" name="testRoute" duration-ms="10" started-at="2014-03-05T14:47:01Z" finished-at="2014-03-05T14:47:01Z">
          <reporter-output>
          </reporter-output>
        </test-method> <!-- testRoute -->
      </class> <!-- TestCode.TestNGJumbledString -->
    </test> <!-- Default test -->
  </suite> <!-- Default suite -->
</testng-results>
