<?xml version="1.0" encoding="UTF-8"?>
<testng-results skipped="0" failed="0" total="1" passed="1">
  <reporter-output>
  </reporter-output>
  <suite name="Default suite" duration-ms="83" started-at="2014-03-04T15:38:02Z" finished-at="2014-03-04T15:38:02Z">
    <groups>
    </groups>
    <test name="Default test" duration-ms="83" started-at="2014-03-04T15:38:02Z" finished-at="2014-03-04T15:38:02Z">
      <class name="TestNGEightPuzzleSearch">
        <test-method status="PASS" signature="setup()[pri:0, instance:TestNGEightPuzzleSearch@eb66600]" name="setup" is-config="true" duration-ms="31" started-at="2014-03-04T15:38:02Z" finished-at="2014-03-04T15:38:02Z">
          <reporter-output>
          </reporter-output>
        </test-method> <!-- setup -->
        <test-method status="PASS" signature="testRoute()[pri:0, instance:TestNGEightPuzzleSearch@eb66600]" name="testRoute" duration-ms="10" started-at="2014-03-04T15:38:02Z" finished-at="2014-03-04T15:38:02Z">
          <reporter-output>
          </reporter-output>
        </test-method> <!-- testRoute -->
      </class> <!-- TestNGEightPuzzleSearch -->
    </test> <!-- Default test -->
  </suite> <!-- Default suite -->
</testng-results>
